Preparing variables...
Preparing images...
Kinda rude turtle.png: Background contains too many unique 8x8px tiles (214 where limit is 192) meaning it may not display correctly. Consider reducing the amount of detail in this image.
Ricky.png: Background contains too many unique 8x8px tiles (232 where limit is 192) meaning it may not display correctly. Consider reducing the amount of detail in this image.
StarkSnap.png: Background contains too many unique 8x8px tiles (250 where limit is 192) meaning it may not display correctly. Consider reducing the amount of detail in this image.
city-overview.png: Background contains too many unique 8x8px tiles (268 where limit is 192) meaning it may not display correctly. Consider reducing the amount of detail in this image.
falcon-inside.png: Background contains too many unique 8x8px tiles (239 where limit is 192) meaning it may not display correctly. Consider reducing the amount of detail in this image.
mos espa flash.png: Background contains too many unique 8x8px tiles (229 where limit is 192) meaning it may not display correctly. Consider reducing the amount of detail in this image.
mt2.png: Background contains too many unique 8x8px tiles (204 where limit is 192) meaning it may not display correctly. Consider reducing the amount of detail in this image.
newestlogo.png: Background contains too many unique 8x8px tiles (244 where limit is 192) meaning it may not display correctly. Consider reducing the amount of detail in this image.
thanos snap.png: Background contains too many unique 8x8px tiles (253 where limit is 192) meaning it may not display correctly. Consider reducing the amount of detail in this image.
westfield (3).png: Background contains too many unique 8x8px tiles (222 where limit is 192) meaning it may not display correctly. Consider reducing the amount of detail in this image.
Preparing ui...
Preparing sprites...
Preparing avatars...
Preparing emotes...
Preparing music...
Preparing fonts...
Preparing scenes...
Preparation complete
Compiling events...
Unlink _gbsbuild
Copy default engine
Looking for local engine in assets/engine
Local engine not found, using default engine
Looking for engine plugins in plugins/*/engine
Compiling: src\core\___sdcc_bcall_ehl.s
Compiling: src\core\absolute.c
Compiling: src\core\actor.c
Compiling: src\core\bankdata.c
Compiling: src\core\bootstrap.s
Compiling: src\core\camera.c
Compiling: src\core\core.c
Compiling: src\core\crash_handler.s
Compiling: src\core\data_manager.c
Compiling: src\core\events.c
Compiling: src\core\fade_manager.c
Compiling: src\core\flasher_s.s
Compiling: src\core\flasher.c
Compiling: src\core\game_time.c
Compiling: src\core\gbprinter.c
Compiling: src\core\input.c
Compiling: src\core\interrupt_sio.s
Compiling: src\core\interrupt_timer.s
Compiling: src\core\interrupts.c
Compiling: src\core\load_save.c
Compiling: src\core\math.c
Compiling: src\core\music_manager.c
Compiling: src\core\palette.c
Compiling: src\core\parallax.c
Compiling: src\core\projectiles.c
Compiling: src\core\scroll_a.s
Compiling: src\core\scroll.c
Compiling: src\core\set_tile_submap.s
Compiling: src\core\sfx_player.c
Compiling: src\core\sgb_border.c
Compiling: src\core\sio.c
Compiling: src\core\states_caller.s
Compiling: src\core\system.c
Compiling: src\core\trigger.c
Compiling: src\core\ui_a.s
Compiling: src\core\ui.c
Compiling: src\core\vm_actor.c
Compiling: src\core\vm_camera.c
Compiling: src\core\vm_gameboy.c
Compiling: src\core\vm_gbprinter.c
Compiling: src\core\vm_instructions.c
Compiling: src\core\vm_load_save.c
Compiling: src\core\vm_math.c
Compiling: src\core\vm_music.c
Compiling: src\core\vm_palette.c
Compiling: src\core\vm_projectiles.c
Compiling: src\core\vm_rtc.c
Compiling: src\core\vm_scene.c
Compiling: src\core\vm_sgb.c
Compiling: src\core\vm_sio.c
Compiling: src\core\vm_ui_a.s
Compiling: src\core\vm_ui.c
Compiling: src\core\vm.c
Compiling: src\data\actor_0_interact.s
Compiling: src\data\actor_1_interact.s
Compiling: src\data\actor_103_interact.s
Compiling: src\data\actor_103_update.s
Compiling: src\data\actor_105_interact.s
Compiling: src\data\actor_106_interact.s
Compiling: src\data\actor_12_interact.s
Compiling: src\data\actor_13_interact.s
Compiling: src\data\actor_130_update.s
Compiling: src\data\actor_14_interact.s
Compiling: src\data\actor_140_update.s
Compiling: src\data\actor_141_update.s
Compiling: src\data\actor_142_update.s
Compiling: src\data\actor_143_update.s
Compiling: src\data\actor_144_update.s
Compiling: src\data\actor_146_interact.s
Compiling: src\data\actor_147_interact.s
Compiling: src\data\actor_148_interact.s
Compiling: src\data\actor_149_interact.s
Compiling: src\data\actor_15_interact.s
Compiling: src\data\actor_150_interact.s
Compiling: src\data\actor_152_interact.s
Compiling: src\data\actor_153_interact.s
Compiling: src\data\actor_158_interact.s
Compiling: src\data\actor_16_interact.s
Compiling: src\data\actor_162_interact.s
Compiling: src\data\actor_165_update.s
Compiling: src\data\actor_166_interact.s
Compiling: src\data\actor_167_update.s
Compiling: src\data\actor_168_interact.s
Compiling: src\data\actor_17_interact.s
Compiling: src\data\actor_172_interact.s
Compiling: src\data\actor_18_interact.s
Compiling: src\data\actor_181_interact.s
Compiling: src\data\actor_182_interact.s
Compiling: src\data\actor_184_interact.s
Compiling: src\data\actor_185_interact.s
Compiling: src\data\actor_186_interact.s
Compiling: src\data\actor_187_interact.s
Compiling: src\data\actor_188_interact.s
Compiling: src\data\actor_189_interact.s
Compiling: src\data\actor_190_interact.s
Compiling: src\data\actor_191_interact.s
Compiling: src\data\actor_192_interact.s
Compiling: src\data\actor_193_interact.s
Compiling: src\data\actor_194_update.s
Compiling: src\data\actor_195_interact.s
Compiling: src\data\actor_195_update.s
Compiling: src\data\actor_196_interact.s
Compiling: src\data\actor_196_update.s
Compiling: src\data\actor_197_update.s
Compiling: src\data\actor_198_update.s
Compiling: src\data\actor_199_update.s
Compiling: src\data\actor_2_interact.s
Compiling: src\data\actor_20_interact.s
Compiling: src\data\actor_200_update.s
Compiling: src\data\actor_201_update.s
Compiling: src\data\actor_203_update.s
Compiling: src\data\actor_205_update.s
Compiling: src\data\actor_208_update.s
Compiling: src\data\actor_209_update.s
Compiling: src\data\actor_21_interact.s
Compiling: src\data\actor_210_update.s
Compiling: src\data\actor_212_update.s
Compiling: src\data\actor_215_interact.s
Compiling: src\data\actor_216_update.s
Compiling: src\data\actor_217_update.s
Compiling: src\data\actor_218_update.s
Compiling: src\data\actor_219_update.s
Compiling: src\data\actor_220_update.s
Compiling: src\data\actor_23_interact.s
Compiling: src\data\actor_231_interact.s
Compiling: src\data\actor_232_interact.s
Compiling: src\data\actor_233_interact.s
Compiling: src\data\actor_234_interact.s
Compiling: src\data\actor_235_interact.s
Compiling: src\data\actor_24_interact.s
Compiling: src\data\actor_25_interact.s
Compiling: src\data\actor_3_interact.s
Compiling: src\data\actor_30_interact.s
Compiling: src\data\actor_34_interact.s
Compiling: src\data\actor_35_interact.s
Compiling: src\data\actor_36_interact.s
Compiling: src\data\actor_37_update.s
Compiling: src\data\actor_38_interact.s
Compiling: src\data\actor_4_interact.s
Compiling: src\data\actor_43_interact.s
Compiling: src\data\actor_46_interact.s
Compiling: src\data\actor_48_update.s
Compiling: src\data\actor_49_interact.s
Compiling: src\data\actor_49_update.s
Compiling: src\data\actor_50_interact.s
Compiling: src\data\actor_51_interact.s
Compiling: src\data\actor_51_update.s
Compiling: src\data\actor_52_interact.s
Compiling: src\data\actor_53_interact.s
Compiling: src\data\actor_53_update.s
Compiling: src\data\actor_54_interact.s
Compiling: src\data\actor_55_interact.s
Compiling: src\data\actor_56_interact.s
Compiling: src\data\actor_58_update.s
Compiling: src\data\actor_59_interact.s
Compiling: src\data\actor_59_update.s
Compiling: src\data\actor_7_interact.s
Compiling: src\data\actor_72_interact.s
Compiling: src\data\actor_72_update.s
Compiling: src\data\actor_73_interact.s
Compiling: src\data\actor_73_update.s
Compiling: src\data\actor_74_interact.s
Compiling: src\data\actor_74_update.s
Compiling: src\data\actor_75_interact.s
Compiling: src\data\actor_75_update.s
Compiling: src\data\actor_76_update.s
Compiling: src\data\actor_77_interact.s
Compiling: src\data\actor_78_update.s
Compiling: src\data\actor_79_update.s
Compiling: src\data\actor_8_interact.s
Compiling: src\data\actor_80_update.s
Compiling: src\data\actor_81_update.s
Compiling: src\data\actor_82_update.s
Compiling: src\data\actor_83_update.s
Compiling: src\data\actor_84_update.s
Compiling: src\data\actor_85_update.s
Compiling: src\data\actor_86_update.s
Compiling: src\data\actor_87_update.s
Compiling: src\data\actor_88_interact.s
Compiling: src\data\actor_9_interact.s
Compiling: src\data\actor_96_interact.s
Compiling: src\data\actor_emmett_interact.s
Compiling: src\data\actor_tim_interact.s
Compiling: src\data\actor_wagner_interact.s
Compiling: src\data\actor_will_interact.s
Compiling: src\data\bg_0ffbrand_bean_1_tilemap_attr.c
Compiling: src\data\bg_0ffbrand_bean_1_tilemap.c
Compiling: src\data\bg_0ffbrand_bean_1_tileset.c
Compiling: src\data\bg_0ffbrand_bean_1.c
Compiling: src\data\bg_1_tilemap_attr.c
Compiling: src\data\bg_1_tilemap.c
Compiling: src\data\bg_1_tileset.c
Compiling: src\data\bg_1.c
Compiling: src\data\bg_2_tilemap_attr.c
Compiling: src\data\bg_2_tilemap.c
Compiling: src\data\bg_2_tileset.c
Compiling: src\data\bg_2.c
Compiling: src\data\bg_3_tilemap_attr.c
Compiling: src\data\bg_3_tilemap.c
Compiling: src\data\bg_3.c
Compiling: src\data\bg_3b_tilemap_attr.c
Compiling: src\data\bg_3b.c
Compiling: src\data\bg_3c_tilemap_attr.c
Compiling: src\data\bg_3c.c
Compiling: src\data\bg_3d_tilemap_attr.c
Compiling: src\data\bg_3d.c
Compiling: src\data\bg_3e_tilemap_attr.c
Compiling: src\data\bg_3e.c
Compiling: src\data\bg_3f_tilemap_attr.c
Compiling: src\data\bg_3f.c
Compiling: src\data\bg_3g_tilemap_attr.c
Compiling: src\data\bg_3g.c
Compiling: src\data\bg_3h_tilemap_attr.c
Compiling: src\data\bg_3h.c
Compiling: src\data\bg_3i_tilemap_attr.c
Compiling: src\data\bg_3i_tileset.c
Compiling: src\data\bg_3i.c
Compiling: src\data\bg_4_tilemap.c
Compiling: src\data\bg_4.c
Compiling: src\data\bg_4b_tilemap_attr.c
Compiling: src\data\bg_4b.c
Compiling: src\data\bg_4c_tilemap_attr.c
Compiling: src\data\bg_4c.c
Compiling: src\data\bg_4d_tilemap_attr.c
Compiling: src\data\bg_4d_tileset.c
Compiling: src\data\bg_4d.c
Compiling: src\data\bg_4e_tilemap_attr.c
Compiling: src\data\bg_4e_tilemap.c
Compiling: src\data\bg_4e_tileset.c
Compiling: src\data\bg_4e.c
Compiling: src\data\bg_5_tilemap_attr.c
Compiling: src\data\bg_5_tilemap.c
Compiling: src\data\bg_5_tileset.c
Compiling: src\data\bg_5.c
Compiling: src\data\bg_6_tilemap.c
Compiling: src\data\bg_6_tileset.c
Compiling: src\data\bg_6.c
Compiling: src\data\bg_7_tilemap_attr.c
Compiling: src\data\bg_7_tilemap.c
Compiling: src\data\bg_7_tileset.c
Compiling: src\data\bg_7.c
Compiling: src\data\bg_8_tilemap_attr.c
Compiling: src\data\bg_8_tilemap.c
Compiling: src\data\bg_8_tileset.c
Compiling: src\data\bg_8.c
Compiling: src\data\bg_adam_fight_pkm_stage_tilemap.c
Compiling: src\data\bg_adam_fight_pkm_stage_tileset.c
Compiling: src\data\bg_adam_fight_pkm_stage.c
Compiling: src\data\bg_adamfightstage1_tilemap.c
Compiling: src\data\bg_adamfightstage1_tileset.c
Compiling: src\data\bg_adamfightstage1.c
Compiling: src\data\bg_adamfightstage2_tilemap_attr.c
Compiling: src\data\bg_adamfightstage2_tilemap.c
Compiling: src\data\bg_adamfightstage2_tileset.c
Compiling: src\data\bg_adamfightstage2.c
Compiling: src\data\bg_anitile1_tilemap.c
Compiling: src\data\bg_anitile1_tileset.c
Compiling: src\data\bg_anitile1.c
Compiling: src\data\bg_applebutgodapple_tilemap_attr.c
Compiling: src\data\bg_applebutgodapple_tilemap.c
Compiling: src\data\bg_applebutgodapple_tileset.c
Compiling: src\data\bg_applebutgodapple.c
Compiling: src\data\bg_atam_mc_stage_tilemap_attr.c
Compiling: src\data\bg_atam_mc_stage_tilemap.c
Compiling: src\data\bg_atam_mc_stage_tileset.c
Compiling: src\data\bg_atam_mc_stage.c
Compiling: src\data\bg_atam_shift_tilemap_attr.c
Compiling: src\data\bg_atam_shift_tilemap.c
Compiling: src\data\bg_atam_shift.c
Compiling: src\data\bg_atamdeamonplainbg_tilemap_attr.c
Compiling: src\data\bg_atamdeamonplainbg_tilemap.c
Compiling: src\data\bg_atamdeamonplainbg_tileset.c
Compiling: src\data\bg_atamdeamonplainbg.c
Compiling: src\data\bg_avengers_logo_tilemap.c
Compiling: src\data\bg_avengers_logo_tileset.c
Compiling: src\data\bg_avengers_logo.c
Compiling: src\data\bg_bar_tilemap_attr.c
Compiling: src\data\bg_bar_tilemap.c
Compiling: src\data\bg_bar_tileset.c
Compiling: src\data\bg_bar.c
Compiling: src\data\bg_bean_1_tilemap_attr.c
Compiling: src\data\bg_bean_1_tilemap.c
Compiling: src\data\bg_bean_1_tileset.c
Compiling: src\data\bg_bean_1.c
Compiling: src\data\bg_bean_32_tilemap.c
Compiling: src\data\bg_bean_32_tileset.c
Compiling: src\data\bg_bean_32.c
Compiling: src\data\bg_blank_astro_tilemap.c
Compiling: src\data\bg_blank_astro_tileset.c
Compiling: src\data\bg_blank_astro.c
Compiling: src\data\bg_bouncyhouse2_copy_tilemap.c
Compiling: src\data\bg_bouncyhouse2_copy_tileset.c
Compiling: src\data\bg_bouncyhouse2_copy.c
Compiling: src\data\bg_bouncyhouse2_tileset.c
Compiling: src\data\bg_bouncyhouse2.c
Compiling: src\data\bg_buildingbase_tilemap_attr.c
Compiling: src\data\bg_buildingbase_tilemap.c
Compiling: src\data\bg_buildingbase_tileset.c
Compiling: src\data\bg_buildingbase.c
Compiling: src\data\bg_cantina_tilemap.c
Compiling: src\data\bg_cantina_tileset.c
Compiling: src\data\bg_cantina.c
Compiling: src\data\bg_carlson_tilemap_attr.c
Compiling: src\data\bg_carlson_tilemap.c
Compiling: src\data\bg_carlson_tileset.c
Compiling: src\data\bg_carlson.c
Compiling: src\data\bg_chicago_bean_tilemap_attr.c
Compiling: src\data\bg_chicago_bean_tilemap.c
Compiling: src\data\bg_chicago_bean_tileset.c
Compiling: src\data\bg_chicago_bean.c
Compiling: src\data\bg_choose_difficulty_v1_tilemap.c
Compiling: src\data\bg_choose_difficulty_v1_tileset.c
Compiling: src\data\bg_choose_difficulty_v1.c
Compiling: src\data\bg_city_2_1__tilemap_attr.c
Compiling: src\data\bg_city_2_1__tilemap.c
Compiling: src\data\bg_city_2_1__tileset.c
Compiling: src\data\bg_city_2_1_.c
Compiling: src\data\bg_city_jj_cube_tilemap_attr.c
Compiling: src\data\bg_city_jj_cube_tilemap.c
Compiling: src\data\bg_city_jj_cube_tileset.c
Compiling: src\data\bg_city_jj_cube.c
Compiling: src\data\bg_city_overview_tilemap_attr.c
Compiling: src\data\bg_city_overview_tilemap.c
Compiling: src\data\bg_city_overview_tileset.c
Compiling: src\data\bg_city_overview.c
Compiling: src\data\bg_city_soccer_tilemap_attr.c
Compiling: src\data\bg_city_soccer_tilemap.c
Compiling: src\data\bg_city_soccer_tileset.c
Compiling: src\data\bg_city_soccer.c
Compiling: src\data\bg_city3_tilemap_attr.c
Compiling: src\data\bg_city3_tilemap.c
Compiling: src\data\bg_city3_tileset.c
Compiling: src\data\bg_city3.c
Compiling: src\data\bg_darkness_1_tileset.c
Compiling: src\data\bg_darkness_1.c
Compiling: src\data\bg_debug_menu_v2_tilemap.c
Compiling: src\data\bg_debug_menu_v2_tileset.c
Compiling: src\data\bg_debug_menu_v2.c
Compiling: src\data\bg_dojo_tilemap_attr.c
Compiling: src\data\bg_dojo_tilemap.c
Compiling: src\data\bg_dojo_tileset.c
Compiling: src\data\bg_dojo.c
Compiling: src\data\bg_driod_repair_copy_2__tilemap_attr.c
Compiling: src\data\bg_driod_repair_copy_2__tilemap.c
Compiling: src\data\bg_driod_repair_copy_2_.c
Compiling: src\data\bg_driod_repair_copy_tilemap_attr.c
Compiling: src\data\bg_driod_repair_copy.c
Compiling: src\data\bg_driod_repair_tilemap_attr.c
Compiling: src\data\bg_driod_repair_tileset.c
Compiling: src\data\bg_driod_repair.c
Compiling: src\data\bg_elviswarv3_tilemap_attr.c
Compiling: src\data\bg_elviswarv3_tilemap.c
Compiling: src\data\bg_elviswarv3_tileset.c
Compiling: src\data\bg_elviswarv3.c
Compiling: src\data\bg_emmettfightback2_tilemap_attr.c
Compiling: src\data\bg_emmettfightback2_tilemap.c
Compiling: src\data\bg_emmettfightback2_tileset.c
Compiling: src\data\bg_emmettfightback2.c
Compiling: src\data\bg_falcon_inside_tilemap_attr.c
Compiling: src\data\bg_falcon_inside_tilemap.c
Compiling: src\data\bg_falcon_inside_tileset.c
Compiling: src\data\bg_falcon_inside.c
Compiling: src\data\bg_falcon_pit_tilemap.c
Compiling: src\data\bg_falcon_pit_tileset.c
Compiling: src\data\bg_falcon_pit.c
Compiling: src\data\bg_falcon_tilemap_attr.c
Compiling: src\data\bg_falcon_tilemap.c
Compiling: src\data\bg_falcon_tileset.c
Compiling: src\data\bg_falcon.c
Compiling: src\data\bg_final_atam_tilemap_attr.c
Compiling: src\data\bg_final_atam_tilemap.c
Compiling: src\data\bg_final_atam_tileset.c
Compiling: src\data\bg_final_atam.c
Compiling: src\data\bg_finley_tilemap.c
Compiling: src\data\bg_finley_tileset.c
Compiling: src\data\bg_finley.c
Compiling: src\data\bg_furnace_tilemap.c
Compiling: src\data\bg_furnace_tileset.c
Compiling: src\data\bg_furnace.c
Compiling: src\data\bg_jail_inside_tilemap.c
Compiling: src\data\bg_jail_inside_tileset.c
Compiling: src\data\bg_jail_inside.c
Compiling: src\data\bg_jjbackground_tilemap_attr.c
Compiling: src\data\bg_jjbackground_tilemap.c
Compiling: src\data\bg_jjbackground_tileset.c
Compiling: src\data\bg_jjbackground.c
Compiling: src\data\bg_jjspeeder_tilemap_attr.c
Compiling: src\data\bg_jjspeeder_tilemap.c
Compiling: src\data\bg_jjspeeder_tileset.c
Compiling: src\data\bg_jjspeeder.c
Compiling: src\data\bg_kim1_tilemap_attr.c
Compiling: src\data\bg_kim1_tilemap.c
Compiling: src\data\bg_kim1_tileset.c
Compiling: src\data\bg_kim1.c
Compiling: src\data\bg_kim2_tilemap_attr.c
Compiling: src\data\bg_kim2_tilemap.c
Compiling: src\data\bg_kim2_tileset.c
Compiling: src\data\bg_kim2.c
Compiling: src\data\bg_kim3_tilemap_attr.c
Compiling: src\data\bg_kim3_tilemap.c
Compiling: src\data\bg_kim3_tileset.c
Compiling: src\data\bg_kim3.c
Compiling: src\data\bg_kinda_rude_turtle_tilemap_attr.c
Compiling: src\data\bg_kinda_rude_turtle_tilemap.c
Compiling: src\data\bg_kinda_rude_turtle_tileset.c
Compiling: src\data\bg_kinda_rude_turtle.c
Compiling: src\data\bg_kurt_boi_fight_tilemap_attr.c
Compiling: src\data\bg_kurt_boi_fight_tilemap.c
Compiling: src\data\bg_kurt_boi_fight.c
Compiling: src\data\bg_loc1_tilemap.c
Compiling: src\data\bg_loc1_tileset.c
Compiling: src\data\bg_loc1.c
Compiling: src\data\bg_locflash_tilemap.c
Compiling: src\data\bg_locflash_tileset.c
Compiling: src\data\bg_locflash.c
Compiling: src\data\bg_logo_tileset.c
Compiling: src\data\bg_logo.c
Compiling: src\data\bg_look_in_mirror_tilemap_attr.c
Compiling: src\data\bg_look_in_mirror_tilemap.c
Compiling: src\data\bg_look_in_mirror_tileset.c
Compiling: src\data\bg_look_in_mirror.c
Compiling: src\data\bg_lt_tilemap.c
Compiling: src\data\bg_lt_tileset.c
Compiling: src\data\bg_lt.c
Compiling: src\data\bg_mos_espa_flash_tilemap.c
Compiling: src\data\bg_mos_espa_flash_tileset.c
Compiling: src\data\bg_mos_espa_flash.c
Compiling: src\data\bg_mt2_tilemap.c
Compiling: src\data\bg_mt2_tileset.c
Compiling: src\data\bg_mt2.c
Compiling: src\data\bg_new_jj_logo_title_0_12_tilemap_attr.c
Compiling: src\data\bg_new_jj_logo_title_0_12_tilemap.c
Compiling: src\data\bg_new_jj_logo_title_0_12_tileset.c
Compiling: src\data\bg_new_jj_logo_title_0_12.c
Compiling: src\data\bg_newbackground_tilemap_attr.c
Compiling: src\data\bg_newbackground_tilemap.c
Compiling: src\data\bg_newbackground_tileset.c
Compiling: src\data\bg_newbackground.c
Compiling: src\data\bg_newestlogo_tilemap_attr.c
Compiling: src\data\bg_newestlogo_tilemap.c
Compiling: src\data\bg_newestlogo_tileset.c
Compiling: src\data\bg_newestlogo.c
Compiling: src\data\bg_part_1_tilemap_attr.c
Compiling: src\data\bg_part_1_tileset.c
Compiling: src\data\bg_part_1.c
Compiling: src\data\bg_part_2_coming_soon_tileset.c
Compiling: src\data\bg_part_2_coming_soon.c
Compiling: src\data\bg_part_2_tileset.c
Compiling: src\data\bg_part_2.c
Compiling: src\data\bg_pixel_nintendo_gameboy_b_tilemap.c
Compiling: src\data\bg_pixel_nintendo_gameboy_b_tileset.c
Compiling: src\data\bg_pixel_nintendo_gameboy_b.c
Compiling: src\data\bg_pkwar_2_tilemap_attr.c
Compiling: src\data\bg_pkwar_2_tilemap.c
Compiling: src\data\bg_pkwar_2_tileset.c
Compiling: src\data\bg_pkwar_2.c
Compiling: src\data\bg_ricky_tilemap_attr.c
Compiling: src\data\bg_ricky_tilemap.c
Compiling: src\data\bg_ricky_tileset.c
Compiling: src\data\bg_ricky.c
Compiling: src\data\bg_rooftop_v2_tilemap_attr.c
Compiling: src\data\bg_rooftop_v2_tilemap.c
Compiling: src\data\bg_rooftop_v2_tileset.c
Compiling: src\data\bg_rooftop_v2.c
Compiling: src\data\bg_sky_tilemap_attr.c
Compiling: src\data\bg_sky_tileset.c
Compiling: src\data\bg_sky.c
Compiling: src\data\bg_stage_v2_tilemap_attr.c
Compiling: src\data\bg_stage_v2_tilemap.c
Compiling: src\data\bg_stage_v2_tileset.c
Compiling: src\data\bg_stage_v2.c
Compiling: src\data\bg_starksnap_tilemap.c
Compiling: src\data\bg_starksnap_tileset.c
Compiling: src\data\bg_starksnap.c
Compiling: src\data\bg_stromtrooper_fight_tilemap.c
Compiling: src\data\bg_stromtrooper_fight_tileset.c
Compiling: src\data\bg_stromtrooper_fight.c
Compiling: src\data\bg_tat_idk_anymore_tilemap.c
Compiling: src\data\bg_tat_idk_anymore_tileset.c
Compiling: src\data\bg_tat_idk_anymore.c
Compiling: src\data\bg_tatooine_2_tilemap_attr.c
Compiling: src\data\bg_tatooine_2_tilemap.c
Compiling: src\data\bg_tatooine_2_tileset.c
Compiling: src\data\bg_tatooine_2.c
Compiling: src\data\bg_tatooine_3_tilemap_attr.c
Compiling: src\data\bg_tatooine_3_tilemap.c
Compiling: src\data\bg_tatooine_3_tileset.c
Compiling: src\data\bg_tatooine_3.c
Compiling: src\data\bg_tatooine_4_tilemap_attr.c
Compiling: src\data\bg_tatooine_4_tilemap.c
Compiling: src\data\bg_tatooine_4_tileset.c
Compiling: src\data\bg_tatooine_4.c
Compiling: src\data\bg_tatooine_5_tilemap.c
Compiling: src\data\bg_tatooine_5_tileset.c
Compiling: src\data\bg_tatooine_5.c
Compiling: src\data\bg_tatooine_6_tilemap.c
Compiling: src\data\bg_tatooine_6_tileset.c
Compiling: src\data\bg_tatooine_6.c
Compiling: src\data\bg_tatooine_7_tilemap_attr.c
Compiling: src\data\bg_tatooine_7_tilemap.c
Compiling: src\data\bg_tatooine_7_tileset.c
Compiling: src\data\bg_tatooine_7.c
Compiling: src\data\bg_tatooine_8_tilemap.c
Compiling: src\data\bg_tatooine_8_tileset.c
Compiling: src\data\bg_tatooine_8.c
Compiling: src\data\bg_tatooine_9_tilemap.c
Compiling: src\data\bg_tatooine_9_tileset.c
Compiling: src\data\bg_tatooine_9.c
Compiling: src\data\bg_tatooine_part_uno_tilemap_attr.c
Compiling: src\data\bg_tatooine_part_uno_tilemap.c
Compiling: src\data\bg_tatooine_part_uno_tileset.c
Compiling: src\data\bg_tatooine_part_uno.c
Compiling: src\data\bg_tatooine_repair_shop_tilemap_attr.c
Compiling: src\data\bg_tatooine_repair_shop_tilemap.c
Compiling: src\data\bg_tatooine_repair_shop_tileset.c
Compiling: src\data\bg_tatooine_repair_shop.c
Compiling: src\data\bg_tatshuttle_tilemap_attr.c
Compiling: src\data\bg_tatshuttle_tilemap.c
Compiling: src\data\bg_tatshuttle_tileset.c
Compiling: src\data\bg_tatshuttle.c
Compiling: src\data\bg_thanos_snap_tilemap.c
Compiling: src\data\bg_thanos_snap_tileset.c
Compiling: src\data\bg_thanos_snap.c
Compiling: src\data\bg_title_tilemap.c
Compiling: src\data\bg_title_tileset.c
Compiling: src\data\bg_title_transitions_1_tilemap.c
Compiling: src\data\bg_title_transitions_1_tileset.c
Compiling: src\data\bg_title_transitions_1.c
Compiling: src\data\bg_title_transitions_2_tilemap.c
Compiling: src\data\bg_title_transitions_2_tileset.c
Compiling: src\data\bg_title_transitions_2.c
Compiling: src\data\bg_title_transitions_3_tilemap.c
Compiling: src\data\bg_title_transitions_3_tileset.c
Compiling: src\data\bg_title_transitions_3.c
Compiling: src\data\bg_title_transitions_4_tilemap.c
Compiling: src\data\bg_title_transitions_4_tileset.c
Compiling: src\data\bg_title_transitions_4.c
Compiling: src\data\bg_title_transitions_5_tilemap.c
Compiling: src\data\bg_title_transitions_5_tileset.c
Compiling: src\data\bg_title_transitions_5.c
Compiling: src\data\bg_title_transitions_6_tilemap.c
Compiling: src\data\bg_title_transitions_6_tileset.c
Compiling: src\data\bg_title_transitions_6.c
Compiling: src\data\bg_title_transitions_7_tilemap.c
Compiling: src\data\bg_title_transitions_7_tileset.c
Compiling: src\data\bg_title_transitions_7.c
Compiling: src\data\bg_title_transitions_8_tilemap.c
Compiling: src\data\bg_title_transitions_8_tileset.c
Compiling: src\data\bg_title_transitions_8.c
Compiling: src\data\bg_title.c
Compiling: src\data\bg_to_tower_tilemap_attr.c
Compiling: src\data\bg_to_tower_tilemap.c
Compiling: src\data\bg_to_tower_tileset.c
Compiling: src\data\bg_to_tower.c
Compiling: src\data\bg_toloc_tilemap_attr.c
Compiling: src\data\bg_toloc_tilemap.c
Compiling: src\data\bg_toloc_tileset.c
Compiling: src\data\bg_toloc.c
Compiling: src\data\bg_wagner_tilemap.c
Compiling: src\data\bg_wagner_tileset.c
Compiling: src\data\bg_wagner.c
Compiling: src\data\bg_westfield_3__tilemap_attr.c
Compiling: src\data\bg_westfield_3__tilemap.c
Compiling: src\data\bg_westfield_3__tileset.c
Compiling: src\data\bg_westfield_3_.c
Compiling: src\data\bg_world_map_land_1_tilemap.c
Compiling: src\data\bg_world_map_land_1_tileset.c
Compiling: src\data\bg_world_map_land_1.c
Compiling: src\data\bg_zachroom_tilemap.c
Compiling: src\data\bg_zachroom_tileset.c
Compiling: src\data\bg_zachroom.c
Compiling: src\data\border.c
Compiling: src\data\cursor_image.c
Compiling: src\data\emote_anger.c
Compiling: src\data\emote_shock.c
Compiling: src\data\emote_sweat.c
Compiling: src\data\font_gbs_variable_width.c
Compiling: src\data\frame_image.c
Compiling: src\data\game_signature.c
Compiling: src\data\music\song_7_years_v2_Data.c
Compiling: src\data\music\song_a_short_Data.c
Compiling: src\data\music\song_athletic_Data.c
Compiling: src\data\music\song_avengersv2_Data.c
Compiling: src\data\music\song_blow_me_away_v2_Data.c
Compiling: src\data\music\song_cantina_band_Data.c
Compiling: src\data\music\song_captain_toad_Data.c
Compiling: src\data\music\song_castle_Data.c
Compiling: src\data\music\song_castle_v2_Data.c
Compiling: src\data\music\song_darth_vader_march_Data.c
Compiling: src\data\music\song_elvis_Data.c
Compiling: src\data\music\song_emmett3_Data.c
Compiling: src\data\music\song_henchy_fast_Data.c
Compiling: src\data\music\song_henchy_hog_Data.c
Compiling: src\data\music\song_henchy_mc_Data.c
Compiling: src\data\music\song_henchy_pkm_Data.c
Compiling: src\data\music\song_henchy_slow_Data.c
Compiling: src\data\music\song_henchy_w_Data.c
Compiling: src\data\music\song_here_comes_the_sun_Data.c
Compiling: src\data\music\song_high_hopes_Data.c
Compiling: src\data\music\song_indusrty_baby_Data.c
Compiling: src\data\music\song_jj_game_theme_Data.c
Compiling: src\data\music\song_kung_fu_panda_Data.c
Compiling: src\data\music\song_mapleleaf_Data.c
Compiling: src\data\music\song_mario_airship_Data.c
Compiling: src\data\music\song_may_the_force_be_with__Data.c
Compiling: src\data\music\song_megalovania_Data.c
Compiling: src\data\music\song_memories_Data.c
Compiling: src\data\music\song_mii2_Data.c
Compiling: src\data\music\song_mo2_Data.c
Compiling: src\data\music\song_morecoming_Data.c
Compiling: src\data\music\song_new_donk_city_Data.c
Compiling: src\data\music\song_oceans_Data.c
Compiling: src\data\music\song_puzzle_Data.c
Compiling: src\data\music\song_rb2_Data.c
Compiling: src\data\music\song_rick_s_magic_music_Data.c
Compiling: src\data\music\song_river_flows_in_u_Data.c
Compiling: src\data\music\song_seagulls_Data.c
Compiling: src\data\music\song_sussymusic_Data.c
Compiling: src\data\music\song_westfield_Data.c
Compiling: src\data\palette_0.c
Compiling: src\data\palette_1.c
Compiling: src\data\palette_10.c
Compiling: src\data\palette_100.c
Compiling: src\data\palette_11.c
Compiling: src\data\palette_12.c
Compiling: src\data\palette_13.c
Compiling: src\data\palette_14.c
Compiling: src\data\palette_15.c
Compiling: src\data\palette_16.c
Compiling: src\data\palette_17.c
Compiling: src\data\palette_18.c
Compiling: src\data\palette_19.c
Compiling: src\data\palette_2.c
Compiling: src\data\palette_20.c
Compiling: src\data\palette_21.c
Compiling: src\data\palette_22.c
Compiling: src\data\palette_23.c
Compiling: src\data\palette_24.c
Compiling: src\data\palette_25.c
Compiling: src\data\palette_26.c
Compiling: src\data\palette_27.c
Compiling: src\data\palette_28.c
Compiling: src\data\palette_29.c
Compiling: src\data\palette_3.c
Compiling: src\data\palette_30.c
Compiling: src\data\palette_31.c
Compiling: src\data\palette_32.c
Compiling: src\data\palette_33.c
Compiling: src\data\palette_34.c
Compiling: src\data\palette_35.c
Compiling: src\data\palette_36.c
Compiling: src\data\palette_37.c
Compiling: src\data\palette_38.c
Compiling: src\data\palette_39.c
Compiling: src\data\palette_4.c
Compiling: src\data\palette_40.c
Compiling: src\data\palette_41.c
Compiling: src\data\palette_42.c
Compiling: src\data\palette_43.c
Compiling: src\data\palette_44.c
Compiling: src\data\palette_45.c
Compiling: src\data\palette_46.c
Compiling: src\data\palette_47.c
Compiling: src\data\palette_48.c
Compiling: src\data\palette_49.c
Compiling: src\data\palette_5.c
Compiling: src\data\palette_50.c
Compiling: src\data\palette_51.c
Compiling: src\data\palette_52.c
Compiling: src\data\palette_53.c
Compiling: src\data\palette_54.c
Compiling: src\data\palette_55.c
Compiling: src\data\palette_56.c
Compiling: src\data\palette_57.c
Compiling: src\data\palette_58.c
Compiling: src\data\palette_59.c
Compiling: src\data\palette_6.c
Compiling: src\data\palette_60.c
Compiling: src\data\palette_61.c
Compiling: src\data\palette_62.c
Compiling: src\data\palette_63.c
Compiling: src\data\palette_64.c
Compiling: src\data\palette_65.c
Compiling: src\data\palette_66.c
Compiling: src\data\palette_67.c
Compiling: src\data\palette_68.c
Compiling: src\data\palette_69.c
Compiling: src\data\palette_7.c
Compiling: src\data\palette_70.c
Compiling: src\data\palette_71.c
Compiling: src\data\palette_72.c
Compiling: src\data\palette_73.c
Compiling: src\data\palette_74.c
Compiling: src\data\palette_75.c
Compiling: src\data\palette_76.c
Compiling: src\data\palette_77.c
Compiling: src\data\palette_78.c
Compiling: src\data\palette_79.c
Compiling: src\data\palette_8.c
Compiling: src\data\palette_80.c
Compiling: src\data\palette_81.c
Compiling: src\data\palette_82.c
Compiling: src\data\palette_83.c
Compiling: src\data\palette_84.c
Compiling: src\data\palette_85.c
Compiling: src\data\palette_86.c
Compiling: src\data\palette_87.c
Compiling: src\data\palette_88.c
Compiling: src\data\palette_89.c
Compiling: src\data\palette_9.c
Compiling: src\data\palette_90.c
Compiling: src\data\palette_91.c
Compiling: src\data\palette_92.c
Compiling: src\data\palette_93.c
Compiling: src\data\palette_94.c
Compiling: src\data\palette_95.c
Compiling: src\data\palette_96.c
Compiling: src\data\palette_97.c
Compiling: src\data\palette_98.c
Compiling: src\data\palette_99.c
Compiling: src\data\scene_0_actors.c
Compiling: src\data\scene_0_collisions.c
Compiling: src\data\scene_0_init.s
Compiling: src\data\scene_0_sprites.c
Compiling: src\data\scene_0.c
Compiling: src\data\scene_1_actors.c
Compiling: src\data\scene_1_collisions.c
Compiling: src\data\scene_1_init.s
Compiling: src\data\scene_1_sprites.c
Compiling: src\data\scene_1.c
Compiling: src\data\scene_100_collisions.c
Compiling: src\data\scene_100_init.s
Compiling: src\data\scene_100.c
Compiling: src\data\scene_101_collisions.c
Compiling: src\data\scene_101_init.s
Compiling: src\data\scene_101.c
Compiling: src\data\scene_102_collisions.c
Compiling: src\data\scene_102_init.s
Compiling: src\data\scene_102.c
Compiling: src\data\scene_103_collisions.c
Compiling: src\data\scene_103_init.s
Compiling: src\data\scene_103.c
Compiling: src\data\scene_104_collisions.c
Compiling: src\data\scene_104_init.s
Compiling: src\data\scene_104.c
Compiling: src\data\scene_105_actors.c
Compiling: src\data\scene_105_collisions.c
Compiling: src\data\scene_105_init.s
Compiling: src\data\scene_105_sprites.c
Compiling: src\data\scene_105_triggers.c
Compiling: src\data\scene_105.c
Compiling: src\data\scene_106_actors.c
Compiling: src\data\scene_106_collisions.c
Compiling: src\data\scene_106_init.s
Compiling: src\data\scene_106_sprites.c
Compiling: src\data\scene_106_triggers.c
Compiling: src\data\scene_106.c
Compiling: src\data\scene_107_collisions.c
Compiling: src\data\scene_107_init.s
Compiling: src\data\scene_107.c
Compiling: src\data\scene_108_actors.c
Compiling: src\data\scene_108_collisions.c
Compiling: src\data\scene_108_init.s
Compiling: src\data\scene_108_sprites.c
Compiling: src\data\scene_108_triggers.c
Compiling: src\data\scene_108.c
Compiling: src\data\scene_109_actors.c
Compiling: src\data\scene_109_collisions.c
Compiling: src\data\scene_109_init.s
Compiling: src\data\scene_109_sprites.c
Compiling: src\data\scene_109_triggers.c
Compiling: src\data\scene_109.c
Compiling: src\data\scene_110_actors.c
Compiling: src\data\scene_110_collisions.c
Compiling: src\data\scene_110_init.s
Compiling: src\data\scene_110_sprites.c
Compiling: src\data\scene_110.c
Compiling: src\data\scene_111_actors.c
Compiling: src\data\scene_111_collisions.c
Compiling: src\data\scene_111_init.s
Compiling: src\data\scene_111_p_hit1.s
Compiling: src\data\scene_111_projectiles.c
Compiling: src\data\scene_111_sprites.c
Compiling: src\data\scene_111.c
Compiling: src\data\scene_112_actors.c
Compiling: src\data\scene_112_collisions.c
Compiling: src\data\scene_112_init.s
Compiling: src\data\scene_112_sprites.c
Compiling: src\data\scene_112.c
Compiling: src\data\scene_113_actors.c
Compiling: src\data\scene_113_collisions.c
Compiling: src\data\scene_113_init.s
Compiling: src\data\scene_113_sprites.c
Compiling: src\data\scene_113.c
Compiling: src\data\scene_114_actors.c
Compiling: src\data\scene_114_collisions.c
Compiling: src\data\scene_114_init.s
Compiling: src\data\scene_114_sprites.c
Compiling: src\data\scene_114.c
Compiling: src\data\scene_115_collisions.c
Compiling: src\data\scene_115_init.s
Compiling: src\data\scene_115.c
Compiling: src\data\scene_116_actors.c
Compiling: src\data\scene_116_collisions.c
Compiling: src\data\scene_116_init.s
Compiling: src\data\scene_116_sprites.c
Compiling: src\data\scene_116.c
Compiling: src\data\scene_117_collisions.c
Compiling: src\data\scene_117_init.s
Compiling: src\data\scene_117_triggers.c
Compiling: src\data\scene_117.c
Compiling: src\data\scene_118_actors.c
Compiling: src\data\scene_118_collisions.c
Compiling: src\data\scene_118_init.s
Compiling: src\data\scene_118_sprites.c
Compiling: src\data\scene_118.c
Compiling: src\data\scene_119_actors.c
Compiling: src\data\scene_119_collisions.c
Compiling: src\data\scene_119_init.s
Compiling: src\data\scene_119_p_hit1.s
Compiling: src\data\scene_119_projectiles.c
Compiling: src\data\scene_119_sprites.c
Compiling: src\data\scene_119.c
Compiling: src\data\scene_120_actors.c
Compiling: src\data\scene_120_collisions.c
Compiling: src\data\scene_120_init.s
Compiling: src\data\scene_120_p_hit1.s
Compiling: src\data\scene_120_projectiles.c
Compiling: src\data\scene_120_sprites.c
Compiling: src\data\scene_120.c
Compiling: src\data\scene_122_actors.c
Compiling: src\data\scene_122_collisions.c
Compiling: src\data\scene_122_init.s
Compiling: src\data\scene_122_sprites.c
Compiling: src\data\scene_122.c
Compiling: src\data\scene_123_collisions.c
Compiling: src\data\scene_123_init.s
Compiling: src\data\scene_123.c
Compiling: src\data\scene_124_actors.c
Compiling: src\data\scene_124_collisions.c
Compiling: src\data\scene_124_init.s
Compiling: src\data\scene_124_sprites.c
Compiling: src\data\scene_124.c
Compiling: src\data\scene_125_actors.c
Compiling: src\data\scene_125_collisions.c
Compiling: src\data\scene_125_init.s
Compiling: src\data\scene_125_sprites.c
Compiling: src\data\scene_125.c
Compiling: src\data\scene_126_actors.c
Compiling: src\data\scene_126_collisions.c
Compiling: src\data\scene_126_init.s
Compiling: src\data\scene_126_sprites.c
Compiling: src\data\scene_126.c
Compiling: src\data\scene_127_actors.c
Compiling: src\data\scene_127_collisions.c
Compiling: src\data\scene_127_init.s
Compiling: src\data\scene_127_sprites.c
Compiling: src\data\scene_127.c
Compiling: src\data\scene_128_collisions.c
Compiling: src\data\scene_128_init.s
Compiling: src\data\scene_128.c
Compiling: src\data\scene_129_actors.c
Compiling: src\data\scene_129_collisions.c
Compiling: src\data\scene_129_init.s
Compiling: src\data\scene_129_sprites.c
Compiling: src\data\scene_129.c
Compiling: src\data\scene_130_collisions.c
Compiling: src\data\scene_130_init.s
Compiling: src\data\scene_130.c
Compiling: src\data\scene_131_collisions.c
Compiling: src\data\scene_131_init.s
Compiling: src\data\scene_131.c
Compiling: src\data\scene_132_collisions.c
Compiling: src\data\scene_132_init.s
Compiling: src\data\scene_132.c
Compiling: src\data\scene_133_collisions.c
Compiling: src\data\scene_133_init.s
Compiling: src\data\scene_133.c
Compiling: src\data\scene_134_collisions.c
Compiling: src\data\scene_134_init.s
Compiling: src\data\scene_134.c
Compiling: src\data\scene_135_collisions.c
Compiling: src\data\scene_135_init.s
Compiling: src\data\scene_135.c
Compiling: src\data\scene_37_actors.c
Compiling: src\data\scene_37_collisions.c
Compiling: src\data\scene_37_init.s
Compiling: src\data\scene_37_p_hit1.s
Compiling: src\data\scene_37_sprites.c
Compiling: src\data\scene_37.c
Compiling: src\data\scene_38_collisions.c
Compiling: src\data\scene_38_init.s
Compiling: src\data\scene_38.c
Compiling: src\data\scene_39_actors.c
Compiling: src\data\scene_39_collisions.c
Compiling: src\data\scene_39_init.s
Compiling: src\data\scene_39.c
Compiling: src\data\scene_40_collisions.c
Compiling: src\data\scene_40_init.s
Compiling: src\data\scene_40.c
Compiling: src\data\scene_41_actors.c
Compiling: src\data\scene_41_collisions.c
Compiling: src\data\scene_41_init.s
Compiling: src\data\scene_41_sprites.c
Compiling: src\data\scene_41.c
Compiling: src\data\scene_42_actors.c
Compiling: src\data\scene_42_collisions.c
Compiling: src\data\scene_42_init.s
Compiling: src\data\scene_42_sprites.c
Compiling: src\data\scene_42.c
Compiling: src\data\scene_43_actors.c
Compiling: src\data\scene_43_collisions.c
Compiling: src\data\scene_43_init.s
Compiling: src\data\scene_43_p_hit1.s
Compiling: src\data\scene_43_sprites.c
Compiling: src\data\scene_43_triggers.c
Compiling: src\data\scene_43.c
Compiling: src\data\scene_44_actors.c
Compiling: src\data\scene_44_collisions.c
Compiling: src\data\scene_44_init.s
Compiling: src\data\scene_44_sprites.c
Compiling: src\data\scene_44.c
Compiling: src\data\scene_45_collisions.c
Compiling: src\data\scene_45_init.s
Compiling: src\data\scene_45_triggers.c
Compiling: src\data\scene_45.c
Compiling: src\data\scene_46_collisions.c
Compiling: src\data\scene_46_init.s
Compiling: src\data\scene_46.c
Compiling: src\data\scene_47_collisions.c
Compiling: src\data\scene_47_init.s
Compiling: src\data\scene_47.c
Compiling: src\data\scene_48_actors.c
Compiling: src\data\scene_48_collisions.c
Compiling: src\data\scene_48_init.s
Compiling: src\data\scene_48_p_hit1.s
Compiling: src\data\scene_48_sprites.c
Compiling: src\data\scene_48_triggers.c
Compiling: src\data\scene_48.c
Compiling: src\data\scene_49_collisions.c
Compiling: src\data\scene_49_init.s
Compiling: src\data\scene_49.c
Compiling: src\data\scene_50_actors.c
Compiling: src\data\scene_50_collisions.c
Compiling: src\data\scene_50_init.s
Compiling: src\data\scene_50_sprites.c
Compiling: src\data\scene_50_triggers.c
Compiling: src\data\scene_50.c
Compiling: src\data\scene_51_actors.c
Compiling: src\data\scene_51_collisions.c
Compiling: src\data\scene_51_init.s
Compiling: src\data\scene_51_sprites.c
Compiling: src\data\scene_51.c
Compiling: src\data\scene_52_actors.c
Compiling: src\data\scene_52_collisions.c
Compiling: src\data\scene_52_init.s
Compiling: src\data\scene_52_sprites.c
Compiling: src\data\scene_52.c
Compiling: src\data\scene_53_actors.c
Compiling: src\data\scene_53_collisions.c
Compiling: src\data\scene_53_init.s
Compiling: src\data\scene_53_sprites.c
Compiling: src\data\scene_53_triggers.c
Compiling: src\data\scene_53.c
Compiling: src\data\scene_54_collisions.c
Compiling: src\data\scene_54_init.s
Compiling: src\data\scene_54.c
Compiling: src\data\scene_55_actors.c
Compiling: src\data\scene_55_collisions.c
Compiling: src\data\scene_55_init.s
Compiling: src\data\scene_55_p_hit1.s
Compiling: src\data\scene_55_sprites.c
Compiling: src\data\scene_55_triggers.c
Compiling: src\data\scene_55.c
Compiling: src\data\scene_56_actors.c
Compiling: src\data\scene_56_collisions.c
Compiling: src\data\scene_56_init.s
Compiling: src\data\scene_56_sprites.c
Compiling: src\data\scene_56.c
Compiling: src\data\scene_57_actors.c
Compiling: src\data\scene_57_collisions.c
Compiling: src\data\scene_57_init.s
Compiling: src\data\scene_57_sprites.c
Compiling: src\data\scene_57_triggers.c
Compiling: src\data\scene_57.c
Compiling: src\data\scene_58_actors.c
Compiling: src\data\scene_58_collisions.c
Compiling: src\data\scene_58_init.s
Compiling: src\data\scene_58_sprites.c
Compiling: src\data\scene_58.c
Compiling: src\data\scene_59_collisions.c
Compiling: src\data\scene_59_init.s
Compiling: src\data\scene_59_triggers.c
Compiling: src\data\scene_59.c
Compiling: src\data\scene_60_actors.c
Compiling: src\data\scene_60_collisions.c
Compiling: src\data\scene_60_init.s
Compiling: src\data\scene_60_sprites.c
Compiling: src\data\scene_60.c
Compiling: src\data\scene_61_actors.c
Compiling: src\data\scene_61_collisions.c
Compiling: src\data\scene_61_init.s
Compiling: src\data\scene_61_sprites.c
Compiling: src\data\scene_61.c
Compiling: src\data\scene_62_actors.c
Compiling: src\data\scene_62_collisions.c
Compiling: src\data\scene_62_init.s
Compiling: src\data\scene_62_sprites.c
Compiling: src\data\scene_62.c
Compiling: src\data\scene_63_collisions.c
Compiling: src\data\scene_63_init.s
Compiling: src\data\scene_63.c
Compiling: src\data\scene_64_collisions.c
Compiling: src\data\scene_64_init.s
Compiling: src\data\scene_64.c
Compiling: src\data\scene_65_collisions.c
Compiling: src\data\scene_65_init.s
Compiling: src\data\scene_65.c
Compiling: src\data\scene_66_actors.c
Compiling: src\data\scene_66_collisions.c
Compiling: src\data\scene_66_init.s
Compiling: src\data\scene_66.c
Compiling: src\data\scene_67_collisions.c
Compiling: src\data\scene_67_init.s
Compiling: src\data\scene_67.c
Compiling: src\data\scene_68_collisions.c
Compiling: src\data\scene_68_init.s
Compiling: src\data\scene_68.c
Compiling: src\data\scene_70_actors.c
Compiling: src\data\scene_70_collisions.c
Compiling: src\data\scene_70_init.s
Compiling: src\data\scene_70_sprites.c
Compiling: src\data\scene_70.c
Compiling: src\data\scene_71_actors.c
Compiling: src\data\scene_71_collisions.c
Compiling: src\data\scene_71_init.s
Compiling: src\data\scene_71_sprites.c
Compiling: src\data\scene_71.c
Compiling: src\data\scene_72_collisions.c
Compiling: src\data\scene_72_init.s
Compiling: src\data\scene_72.c
Compiling: src\data\scene_73_collisions.c
Compiling: src\data\scene_73_init.s
Compiling: src\data\scene_73.c
Compiling: src\data\scene_74_actors.c
Compiling: src\data\scene_74_collisions.c
Compiling: src\data\scene_74_init.s
Compiling: src\data\scene_74_sprites.c
Compiling: src\data\scene_74_triggers.c
Compiling: src\data\scene_74.c
Compiling: src\data\scene_75_actors.c
Compiling: src\data\scene_75_collisions.c
Compiling: src\data\scene_75_init.s
Compiling: src\data\scene_75_sprites.c
Compiling: src\data\scene_75.c
Compiling: src\data\scene_76_collisions.c
Compiling: src\data\scene_76_init.s
Compiling: src\data\scene_76.c
Compiling: src\data\scene_77_actors.c
Compiling: src\data\scene_77_collisions.c
Compiling: src\data\scene_77_init.s
Compiling: src\data\scene_77_sprites.c
Compiling: src\data\scene_77.c
Compiling: src\data\scene_78_collisions.c
Compiling: src\data\scene_78_init.s
Compiling: src\data\scene_78.c
Compiling: src\data\scene_79_collisions.c
Compiling: src\data\scene_79_init.s
Compiling: src\data\scene_79.c
Compiling: src\data\scene_80_actors.c
Compiling: src\data\scene_80_collisions.c
Compiling: src\data\scene_80_init.s
Compiling: src\data\scene_80_projectiles.c
Compiling: src\data\scene_80_sprites.c
Compiling: src\data\scene_80_triggers.c
Compiling: src\data\scene_80.c
Compiling: src\data\scene_81_actors.c
Compiling: src\data\scene_81_collisions.c
Compiling: src\data\scene_81_init.s
Compiling: src\data\scene_81_projectiles.c
Compiling: src\data\scene_81_sprites.c
Compiling: src\data\scene_81_triggers.c
Compiling: src\data\scene_81.c
Compiling: src\data\scene_82_actors.c
Compiling: src\data\scene_82_collisions.c
Compiling: src\data\scene_82_init.s
Compiling: src\data\scene_82_sprites.c
Compiling: src\data\scene_82_triggers.c
Compiling: src\data\scene_82.c
Compiling: src\data\scene_83_actors.c
Compiling: src\data\scene_83_collisions.c
Compiling: src\data\scene_83_init.s
Compiling: src\data\scene_83_projectiles.c
Compiling: src\data\scene_83_sprites.c
Compiling: src\data\scene_83_triggers.c
Compiling: src\data\scene_83.c
Compiling: src\data\scene_84_collisions.c
Compiling: src\data\scene_84_init.s
Compiling: src\data\scene_84_projectiles.c
Compiling: src\data\scene_84_sprites.c
Compiling: src\data\scene_84_triggers.c
Compiling: src\data\scene_84.c
Compiling: src\data\scene_85_collisions.c
Compiling: src\data\scene_85_init.s
Compiling: src\data\scene_85_projectiles.c
Compiling: src\data\scene_85_sprites.c
Compiling: src\data\scene_85_triggers.c
Compiling: src\data\scene_85.c
Compiling: src\data\scene_86_collisions.c
Compiling: src\data\scene_86_init.s
Compiling: src\data\scene_86_projectiles.c
Compiling: src\data\scene_86_sprites.c
Compiling: src\data\scene_86_triggers.c
Compiling: src\data\scene_86.c
Compiling: src\data\scene_87_collisions.c
Compiling: src\data\scene_87_init.s
Compiling: src\data\scene_87_projectiles.c
Compiling: src\data\scene_87_sprites.c
Compiling: src\data\scene_87_triggers.c
Compiling: src\data\scene_87.c
Compiling: src\data\scene_88_actors.c
Compiling: src\data\scene_88_collisions.c
Compiling: src\data\scene_88_init.s
Compiling: src\data\scene_88_projectiles.c
Compiling: src\data\scene_88_sprites.c
Compiling: src\data\scene_88_triggers.c
Compiling: src\data\scene_88.c
Compiling: src\data\scene_89_actors.c
Compiling: src\data\scene_89_collisions.c
Compiling: src\data\scene_89_init.s
Compiling: src\data\scene_89_projectiles.c
Compiling: src\data\scene_89_sprites.c
Compiling: src\data\scene_89_triggers.c
Compiling: src\data\scene_89.c
Compiling: src\data\scene_90_collisions.c
Compiling: src\data\scene_90_init.s
Compiling: src\data\scene_90.c
Compiling: src\data\scene_91_actors.c
Compiling: src\data\scene_91_collisions.c
Compiling: src\data\scene_91_init.s
Compiling: src\data\scene_91_sprites.c
Compiling: src\data\scene_91_triggers.c
Compiling: src\data\scene_91.c
Compiling: src\data\scene_92_actors.c
Compiling: src\data\scene_92_collisions.c
Compiling: src\data\scene_92_init.s
Compiling: src\data\scene_92_sprites.c
Compiling: src\data\scene_92.c
Compiling: src\data\scene_93_actors.c
Compiling: src\data\scene_93_collisions.c
Compiling: src\data\scene_93_init.s
Compiling: src\data\scene_93_sprites.c
Compiling: src\data\scene_93.c
Compiling: src\data\scene_94_collisions.c
Compiling: src\data\scene_94_init.s
Compiling: src\data\scene_94.c
Compiling: src\data\scene_95_actors.c
Compiling: src\data\scene_95_collisions.c
Compiling: src\data\scene_95_init.s
Compiling: src\data\scene_95_sprites.c
Compiling: src\data\scene_95.c
Compiling: src\data\scene_96_collisions.c
Compiling: src\data\scene_96_init.s
Compiling: src\data\scene_96.c
Compiling: src\data\scene_97_collisions.c
Compiling: src\data\scene_97_init.s
Compiling: src\data\scene_97.c
Compiling: src\data\scene_98_collisions.c
Compiling: src\data\scene_98_init.s
Compiling: src\data\scene_98.c
Compiling: src\data\scene_99_collisions.c
Compiling: src\data\scene_99_init.s
Compiling: src\data\scene_99.c
Compiling: src\data\scene_a1_actors.c
Compiling: src\data\scene_a1_collisions.c
Compiling: src\data\scene_a1_init.s
Compiling: src\data\scene_a1_sprites.c
Compiling: src\data\scene_a1.c
Compiling: src\data\scene_a10_2_actors.c
Compiling: src\data\scene_a10_2_collisions.c
Compiling: src\data\scene_a10_2_init.s
Compiling: src\data\scene_a10_2_sprites.c
Compiling: src\data\scene_a10_2.c
Compiling: src\data\scene_a10_actors.c
Compiling: src\data\scene_a10_collisions.c
Compiling: src\data\scene_a10_init.s
Compiling: src\data\scene_a10.c
Compiling: src\data\scene_a11_actors.c
Compiling: src\data\scene_a11_collisions.c
Compiling: src\data\scene_a11_init.s
Compiling: src\data\scene_a11_sprites.c
Compiling: src\data\scene_a11_triggers.c
Compiling: src\data\scene_a11.c
Compiling: src\data\scene_a12_actors.c
Compiling: src\data\scene_a12_collisions.c
Compiling: src\data\scene_a12_init.s
Compiling: src\data\scene_a12_sprites.c
Compiling: src\data\scene_a12.c
Compiling: src\data\scene_a13_actors.c
Compiling: src\data\scene_a13_collisions.c
Compiling: src\data\scene_a13_init.s
Compiling: src\data\scene_a13_sprites.c
Compiling: src\data\scene_a13_triggers.c
Compiling: src\data\scene_a13.c
Compiling: src\data\scene_a14_2_collisions.c
Compiling: src\data\scene_a14_2_init.s
Compiling: src\data\scene_a14_2_triggers.c
Compiling: src\data\scene_a14_2.c
Compiling: src\data\scene_a14_actors.c
Compiling: src\data\scene_a14_collisions.c
Compiling: src\data\scene_a14_init.s
Compiling: src\data\scene_a14_sprites.c
Compiling: src\data\scene_a14.c
Compiling: src\data\scene_a15_actors.c
Compiling: src\data\scene_a15_collisions.c
Compiling: src\data\scene_a15_init.s
Compiling: src\data\scene_a15_p_hit1.s
Compiling: src\data\scene_a15_projectiles.c
Compiling: src\data\scene_a15_sprites.c
Compiling: src\data\scene_a15.c
Compiling: src\data\scene_a2_actors.c
Compiling: src\data\scene_a2_collisions.c
Compiling: src\data\scene_a2_init.s
Compiling: src\data\scene_a2_sprites.c
Compiling: src\data\scene_a2.c
Compiling: src\data\scene_a3_actors.c
Compiling: src\data\scene_a3_collisions.c
Compiling: src\data\scene_a3_init.s
Compiling: src\data\scene_a3_sprites.c
Compiling: src\data\scene_a3.c
Compiling: src\data\scene_a4_actors.c
Compiling: src\data\scene_a4_collisions.c
Compiling: src\data\scene_a4_init.s
Compiling: src\data\scene_a4_sprites.c
Compiling: src\data\scene_a4.c
Compiling: src\data\scene_a5_actors.c
Compiling: src\data\scene_a5_collisions.c
Compiling: src\data\scene_a5_init.s
Compiling: src\data\scene_a5.c
Compiling: src\data\scene_a6_2_collisions.c
Compiling: src\data\scene_a6_2_init.s
Compiling: src\data\scene_a6_2_triggers.c
Compiling: src\data\scene_a6_2.c
Compiling: src\data\scene_a6_actors.c
Compiling: src\data\scene_a6_collisions.c
Compiling: src\data\scene_a6_init.s
Compiling: src\data\scene_a6_sprites.c
Compiling: src\data\scene_a6.c
Compiling: src\data\scene_a7_actors.c
Compiling: src\data\scene_a7_collisions.c
Compiling: src\data\scene_a7_init.s
Compiling: src\data\scene_a7_sprites.c
Compiling: src\data\scene_a7.c
Compiling: src\data\scene_a8_actors.c
Compiling: src\data\scene_a8_collisions.c
Compiling: src\data\scene_a8_init.s
Compiling: src\data\scene_a8_sprites.c
Compiling: src\data\scene_a8_triggers.c
Compiling: src\data\scene_a8.c
Compiling: src\data\scene_a9_actors.c
Compiling: src\data\scene_a9_collisions.c
Compiling: src\data\scene_a9_init.s
Compiling: src\data\scene_a9_sprites.c
Compiling: src\data\scene_a9.c
Compiling: src\data\scene_bouncyhouseflash_collisions.c
Compiling: src\data\scene_bouncyhouseflash_init.s
Compiling: src\data\scene_bouncyhouseflash.c
Compiling: src\data\scene_carlson_actors.c
Compiling: src\data\scene_carlson_collisions.c
Compiling: src\data\scene_carlson_init.s
Compiling: src\data\scene_carlson_sprites.c
Compiling: src\data\scene_carlson_triggers.c
Compiling: src\data\scene_carlson.c
Compiling: src\data\scene_emmett_actors.c
Compiling: src\data\scene_emmett_collisions.c
Compiling: src\data\scene_emmett_init.s
Compiling: src\data\scene_emmett_p_hit1.s
Compiling: src\data\scene_emmett_projectiles.c
Compiling: src\data\scene_emmett_sprites.c
Compiling: src\data\scene_emmett.c
Compiling: src\data\scene_furnace_1_actors.c
Compiling: src\data\scene_furnace_1_collisions.c
Compiling: src\data\scene_furnace_1_init.s
Compiling: src\data\scene_furnace_1_p_hit1.s
Compiling: src\data\scene_furnace_1_projectiles.c
Compiling: src\data\scene_furnace_1_sprites.c
Compiling: src\data\scene_furnace_1.c
Compiling: src\data\scene_kim1_actors.c
Compiling: src\data\scene_kim1_collisions.c
Compiling: src\data\scene_kim1_init.s
Compiling: src\data\scene_kim1_projectiles.c
Compiling: src\data\scene_kim1_sprites.c
Compiling: src\data\scene_kim1.c
Compiling: src\data\scene_kim2_actors.c
Compiling: src\data\scene_kim2_collisions.c
Compiling: src\data\scene_kim2_init.s
Compiling: src\data\scene_kim2_p_hit1.s
Compiling: src\data\scene_kim2_projectiles.c
Compiling: src\data\scene_kim2_sprites.c
Compiling: src\data\scene_kim2.c
Compiling: src\data\scene_kim3_actors.c
Compiling: src\data\scene_kim3_collisions.c
Compiling: src\data\scene_kim3_init.s
Compiling: src\data\scene_kim3_p_hit1.s
Compiling: src\data\scene_kim3_projectiles.c
Compiling: src\data\scene_kim3_sprites.c
Compiling: src\data\scene_kim3.c
Compiling: src\data\scene_loc1_actors.c
Compiling: src\data\scene_loc1_collisions.c
Compiling: src\data\scene_loc1_init.s
Compiling: src\data\scene_loc1_sprites.c
Compiling: src\data\scene_loc1_triggers.c
Compiling: src\data\scene_loc1.c
Compiling: src\data\scene_locflash_collisions.c
Compiling: src\data\scene_locflash_init.s
Compiling: src\data\scene_locflash.c
Compiling: src\data\scene_menu_collisions.c
Compiling: src\data\scene_menu_init.s
Compiling: src\data\scene_menu_triggers.c
Compiling: src\data\scene_menu.c
Compiling: src\data\scene_more_coming_in_0_7_actors.c
Compiling: src\data\scene_more_coming_in_0_7_collisions.c
Compiling: src\data\scene_more_coming_in_0_7_init.s
Compiling: src\data\scene_more_coming_in_0_7_sprites.c
Compiling: src\data\scene_more_coming_in_0_7.c
Compiling: src\data\scene_newlogo_actors.c
Compiling: src\data\scene_newlogo_collisions.c
Compiling: src\data\scene_newlogo_init.s
Compiling: src\data\scene_newlogo_sprites.c
Compiling: src\data\scene_newlogo.c
Compiling: src\data\scene_scene_2_collisions.c
Compiling: src\data\scene_scene_2_init.s
Compiling: src\data\scene_scene_2.c
Compiling: src\data\scene_scene_22_actors.c
Compiling: src\data\scene_scene_22_collisions.c
Compiling: src\data\scene_scene_22_init.s
Compiling: src\data\scene_scene_22_sprites.c
Compiling: src\data\scene_scene_22_triggers.c
Compiling: src\data\scene_scene_22.c
Compiling: src\data\scene_scene_3_collisions.c
Compiling: src\data\scene_scene_3_init.s
Compiling: src\data\scene_scene_3.c
Compiling: src\data\scene_start_collisions.c
Compiling: src\data\scene_start_init.s
Compiling: src\data\scene_start.c
Compiling: src\data\scene_toloc_actors.c
Compiling: src\data\scene_toloc_collisions.c
Compiling: src\data\scene_toloc_init.s
Compiling: src\data\scene_toloc_sprites.c
Compiling: src\data\scene_toloc.c
Compiling: src\data\scene_wagner_actors.c
Compiling: src\data\scene_wagner_collisions.c
Compiling: src\data\scene_wagner_init.s
Compiling: src\data\scene_wagner_sprites.c
Compiling: src\data\scene_wagner_triggers.c
Compiling: src\data\scene_wagner.c
Compiling: src\data\script_11.s
Compiling: src\data\script_12.s
Compiling: src\data\script_13.s
Compiling: src\data\script_14.s
Compiling: src\data\script_15.s
Compiling: src\data\script_16.s
Compiling: src\data\script_17.s
Compiling: src\data\script_18.s
Compiling: src\data\script_19.s
Compiling: src\data\script_20.s
Compiling: src\data\script_24.s
Compiling: src\data\script_25.s
Compiling: src\data\script_26.s
Compiling: src\data\script_27.s
Compiling: src\data\script_30.s
Compiling: src\data\script_engine_init.s
Compiling: src\data\script_input_0.s
Compiling: src\data\script_input_1.s
Compiling: src\data\script_input_10.s
Compiling: src\data\script_input_11.s
Compiling: src\data\script_input_12.s
Compiling: src\data\script_input_13.s
Compiling: src\data\script_input_14.s
Compiling: src\data\script_input_15.s
Compiling: src\data\script_input_16.s
Compiling: src\data\script_input_17.s
Compiling: src\data\script_input_18.s
Compiling: src\data\script_input_19.s
Compiling: src\data\script_input_2.s
Compiling: src\data\script_input_20.s
Compiling: src\data\script_input_21.s
Compiling: src\data\script_input_22.s
Compiling: src\data\script_input_23.s
Compiling: src\data\script_input_24.s
Compiling: src\data\script_input_25.s
Compiling: src\data\script_input_26.s
Compiling: src\data\script_input_27.s
Compiling: src\data\script_input_28.s
Compiling: src\data\script_input_29.s
Compiling: src\data\script_input_3.s
Compiling: src\data\script_input_30.s
Compiling: src\data\script_input_31.s
Compiling: src\data\script_input_32.s
Compiling: src\data\script_input_33.s
Compiling: src\data\script_input_34.s
Compiling: src\data\script_input_35.s
Compiling: src\data\script_input_36.s
Compiling: src\data\script_input_37.s
Compiling: src\data\script_input_38.s
Compiling: src\data\script_input_39.s
Compiling: src\data\script_input_4.s
Compiling: src\data\script_input_40.s
Compiling: src\data\script_input_41.s
Compiling: src\data\script_input_42.s
Compiling: src\data\script_input_43.s
Compiling: src\data\script_input_44.s
Compiling: src\data\script_input_45.s
Compiling: src\data\script_input_46.s
Compiling: src\data\script_input_47.s
Compiling: src\data\script_input_48.s
Compiling: src\data\script_input_49.s
Compiling: src\data\script_input_5.s
Compiling: src\data\script_input_50.s
Compiling: src\data\script_input_51.s
Compiling: src\data\script_input_52.s
Compiling: src\data\script_input_53.s
Compiling: src\data\script_input_54.s
Compiling: src\data\script_input_55.s
Compiling: src\data\script_input_56.s
Compiling: src\data\script_input_57.s
Compiling: src\data\script_input_58.s
Compiling: src\data\script_input_59.s
Compiling: src\data\script_input_6.s
Compiling: src\data\script_input_60.s
Compiling: src\data\script_input_61.s
Compiling: src\data\script_input_62.s
Compiling: src\data\script_input_63.s
Compiling: src\data\script_input_64.s
Compiling: src\data\script_input_65.s
Compiling: src\data\script_input_66.s
Compiling: src\data\script_input_67.s
Compiling: src\data\script_input_68.s
Compiling: src\data\script_input_7.s
Compiling: src\data\script_input_8.s
Compiling: src\data\script_input_9.s
Compiling: src\data\script_kim_stands_in_doorwa.s
Compiling: src\data\script_more_coming_later.s
Compiling: src\data\script_movement.s
Compiling: src\data\script_timer_0.s
Compiling: src\data\script_timer_1.s
Compiling: src\data\script_timer_10.s
Compiling: src\data\script_timer_11.s
Compiling: src\data\script_timer_12.s
Compiling: src\data\script_timer_13.s
Compiling: src\data\script_timer_14.s
Compiling: src\data\script_timer_15.s
Compiling: src\data\script_timer_16.s
Compiling: src\data\script_timer_17.s
Compiling: src\data\script_timer_18.s
Compiling: src\data\script_timer_19.s
Compiling: src\data\script_timer_2.s
Compiling: src\data\script_timer_20.s
Compiling: src\data\script_timer_21.s
Compiling: src\data\script_timer_22.s
Compiling: src\data\script_timer_23.s
Compiling: src\data\script_timer_24.s
Compiling: src\data\script_timer_25.s
Compiling: src\data\script_timer_26.s
Compiling: src\data\script_timer_27.s
Compiling: src\data\script_timer_28.s
Compiling: src\data\script_timer_3.s
Compiling: src\data\script_timer_4.s
Compiling: src\data\script_timer_5.s
Compiling: src\data\script_timer_6.s
Compiling: src\data\script_timer_7.s
Compiling: src\data\script_timer_8.s
Compiling: src\data\script_timer_9.s
Compiling: src\data\script_westfield.s
Compiling: src\data\script_workspace.s
Compiling: src\data\sounds\sound_legacy_0.c
Compiling: src\data\sounds\sound_legacy_1.c
Compiling: src\data\sounds\sound_legacy_2.c
Compiling: src\data\sounds\sound_swords_collide_sound_.c
Compiling: src\data\sprite_1_tileset.c
Compiling: src\data\sprite_1.c
Compiling: src\data\sprite_3_tileset.c
Compiling: src\data\sprite_3.c
Compiling: src\data\sprite_actor_copy_tileset.c
Compiling: src\data\sprite_actor_copy.c
Compiling: src\data\sprite_actor.c
Compiling: src\data\sprite_arrow_for_select_tileset.c
Compiling: src\data\sprite_arrow_for_select.c
Compiling: src\data\sprite_astriod_tileset.c
Compiling: src\data\sprite_astriod.c
Compiling: src\data\sprite_atam_expression_tileset.c
Compiling: src\data\sprite_atam_expression.c
Compiling: src\data\sprite_atam_sprite_tileset.c
Compiling: src\data\sprite_atam_sprite.c
Compiling: src\data\sprite_atam1_tileset.c
Compiling: src\data\sprite_atam1.c
Compiling: src\data\sprite_ball_roll_tileset.c
Compiling: src\data\sprite_ball_roll.c
Compiling: src\data\sprite_ball_still_tileset.c
Compiling: src\data\sprite_ball_still.c
Compiling: src\data\sprite_bang_tileset.c
Compiling: src\data\sprite_bang.c
Compiling: src\data\sprite_bar_tender_2_tileset.c
Compiling: src\data\sprite_bar_tender_2.c
Compiling: src\data\sprite_bar_tender_tileset.c
Compiling: src\data\sprite_bar_tender.c
Compiling: src\data\sprite_big_jj_angry_tileset.c
Compiling: src\data\sprite_big_jj_angry.c
Compiling: src\data\sprite_big_stick_copy_tileset.c
Compiling: src\data\sprite_big_stick_copy.c
Compiling: src\data\sprite_big_stick_tileset.c
Compiling: src\data\sprite_big_stick.c
Compiling: src\data\sprite_blaster_tileset.c
Compiling: src\data\sprite_blaster.c
Compiling: src\data\sprite_c3po_bottom_tileset.c
Compiling: src\data\sprite_c3po_bottom.c
Compiling: src\data\sprite_c3po_top_tileset.c
Compiling: src\data\sprite_c3po_top.c
Compiling: src\data\sprite_chicken_left_tileset.c
Compiling: src\data\sprite_chicken_left.c
Compiling: src\data\sprite_dead_tileset.c
Compiling: src\data\sprite_dead.c
Compiling: src\data\sprite_door_tileset.c
Compiling: src\data\sprite_door.c
Compiling: src\data\sprite_driod_body_tileset.c
Compiling: src\data\sprite_driod_body.c
Compiling: src\data\sprite_driod_v4_2nd_slot_co.c
Compiling: src\data\sprite_driod_v4_copy_tileset.c
Compiling: src\data\sprite_driod_v4_copy.c
Compiling: src\data\sprite_driod_v4_tileset.c
Compiling: src\data\sprite_driod_v4.c
Compiling: src\data\sprite_falcon_small_tileset.c
Compiling: src\data\sprite_falcon_small.c
Compiling: src\data\sprite_finfish2_tileset.c
Compiling: src\data\sprite_finfish2.c
Compiling: src\data\sprite_fire2_tileset.c
Compiling: src\data\sprite_fire2.c
Compiling: src\data\sprite_french_man_tileset.c
Compiling: src\data\sprite_french_man.c
Compiling: src\data\sprite_frog_tileset.c
Compiling: src\data\sprite_frog.c
Compiling: src\data\sprite_guard1.c
Compiling: src\data\sprite_guard2_tileset.c
Compiling: src\data\sprite_guard2.c
Compiling: src\data\sprite_guard3_tileset.c
Compiling: src\data\sprite_guard3.c
Compiling: src\data\sprite_holybookv2_tileset.c
Compiling: src\data\sprite_holybookv2.c
Compiling: src\data\sprite_jaba_left_tileset.c
Compiling: src\data\sprite_jaba_left.c
Compiling: src\data\sprite_jaba_right_tileset.c
Compiling: src\data\sprite_jaba_right.c
Compiling: src\data\sprite_jjcube_tileset.c
Compiling: src\data\sprite_jjcube.c
Compiling: src\data\sprite_jjcube1_tileset.c
Compiling: src\data\sprite_jjcube1.c
Compiling: src\data\sprite_jn1_tileset.c
Compiling: src\data\sprite_jn1.c
Compiling: src\data\sprite_jn2_tileset.c
Compiling: src\data\sprite_jn2.c
Compiling: src\data\sprite_jn3_tileset.c
Compiling: src\data\sprite_jn3.c
Compiling: src\data\sprite_jn4_tileset.c
Compiling: src\data\sprite_jn4.c
Compiling: src\data\sprite_knight_1__tileset.c
Compiling: src\data\sprite_knight_1_.c
Compiling: src\data\sprite_landspeeder_tileset.c
Compiling: src\data\sprite_landspeeder.c
Compiling: src\data\sprite_machine_on_2_tileset.c
Compiling: src\data\sprite_machine_on_2.c
Compiling: src\data\sprite_machine_tileset.c
Compiling: src\data\sprite_machine.c
Compiling: src\data\sprite_man2_copy_0_tileset.c
Compiling: src\data\sprite_man2_copy_0.c
Compiling: src\data\sprite_man2_copy_tileset.c
Compiling: src\data\sprite_man2_copy.c
Compiling: src\data\sprite_man2.c
Compiling: src\data\sprite_mnote1_tileset.c
Compiling: src\data\sprite_mnote1.c
Compiling: src\data\sprite_mnote2_tileset.c
Compiling: src\data\sprite_mnote2.c
Compiling: src\data\sprite_mnote3_tileset.c
Compiling: src\data\sprite_mnote3.c
Compiling: src\data\sprite_mnote4_tileset.c
Compiling: src\data\sprite_mnote4.c
Compiling: src\data\sprite_mnote5_tileset.c
Compiling: src\data\sprite_mnote5.c
Compiling: src\data\sprite_pin_tileset.c
Compiling: src\data\sprite_pin.c
Compiling: src\data\sprite_pin2_tileset.c
Compiling: src\data\sprite_pin2.c
Compiling: src\data\sprite_pin4_tileset.c
Compiling: src\data\sprite_pin4.c
Compiling: src\data\sprite_pinball_tileset.c
Compiling: src\data\sprite_pinball.c
Compiling: src\data\sprite_portal_corner_1_tileset.c
Compiling: src\data\sprite_portal_corner_1.c
Compiling: src\data\sprite_portal_corner_2_tileset.c
Compiling: src\data\sprite_portal_corner_2.c
Compiling: src\data\sprite_portal_corner_3_tileset.c
Compiling: src\data\sprite_portal_corner_3.c
Compiling: src\data\sprite_portal_corner_4_tileset.c
Compiling: src\data\sprite_portal_corner_4.c
Compiling: src\data\sprite_portal_side_1_tileset.c
Compiling: src\data\sprite_portal_side_1.c
Compiling: src\data\sprite_portal_side_2_tileset.c
Compiling: src\data\sprite_portal_side_2.c
Compiling: src\data\sprite_ricky_v1_tileset.c
Compiling: src\data\sprite_ricky_v1.c
Compiling: src\data\sprite_sand_person_3_tileset.c
Compiling: src\data\sprite_sand_person_3.c
Compiling: src\data\sprite_search_history_tileset.c
Compiling: src\data\sprite_search_history.c
Compiling: src\data\sprite_soccer_ball_1__tileset.c
Compiling: src\data\sprite_soccer_ball_1_.c
Compiling: src\data\sprite_solo2_tileset.c
Compiling: src\data\sprite_solo2.c
Compiling: src\data\sprite_stark_tileset.c
Compiling: src\data\sprite_stark.c
Compiling: src\data\sprite_stormtrooper_tileset.c
Compiling: src\data\sprite_stormtrooper.c
Compiling: src\data\sprite_sussy1_tileset.c
Compiling: src\data\sprite_sussy1.c
Compiling: src\data\sprite_sussy2_tileset.c
Compiling: src\data\sprite_sussy2.c
Compiling: src\data\sprite_sussy3_tileset.c
Compiling: src\data\sprite_sussy3.c
Compiling: src\data\sprite_sussy4_tileset.c
Compiling: src\data\sprite_sussy4.c
Compiling: src\data\sprite_taco_3_tileset.c
Compiling: src\data\sprite_taco_3.c
Compiling: src\data\sprite_taxi_back_tileset.c
Compiling: src\data\sprite_taxi_back.c
Compiling: src\data\sprite_taxi_front_tileset.c
Compiling: src\data\sprite_taxi_front.c
Compiling: src\data\sprite_witch_final_2_tileset.c
Compiling: src\data\sprite_witch_final_2.c
Compiling: src\data\sprite_witch_final_tileset.c
Compiling: src\data\sprite_witch_final.c
Compiling: src\data\sprite_witch_spinning_tileset.c
Compiling: src\data\sprite_witch_spinning.c
Compiling: src\data\sprite_xwing_tileset.c
Compiling: src\data\sprite_xwing.c
Compiling: src\data\sprite_zach_s_egg_tileset.c
Compiling: src\data\sprite_zach_s_egg.c
Compiling: src\data\spritesheet_none.c
Compiling: src\data\trigger_0_interact.s
Compiling: src\data\trigger_1_interact.s
Compiling: src\data\trigger_10_interact.s
Compiling: src\data\trigger_100_interact.s
Compiling: src\data\trigger_101_interact.s
Compiling: src\data\trigger_102_interact.s
Compiling: src\data\trigger_103_interact.s
Compiling: src\data\trigger_104_interact.s
Compiling: src\data\trigger_105_interact.s
Compiling: src\data\trigger_106_interact.s
Compiling: src\data\trigger_107_interact.s
Compiling: src\data\trigger_108_interact.s
Compiling: src\data\trigger_109_interact.s
Compiling: src\data\trigger_11_interact.s
Compiling: src\data\trigger_110_interact.s
Compiling: src\data\trigger_111_interact.s
Compiling: src\data\trigger_112_interact.s
Compiling: src\data\trigger_113_interact.s
Compiling: src\data\trigger_114_interact.s
Compiling: src\data\trigger_115_interact.s
Compiling: src\data\trigger_116_interact.s
Compiling: src\data\trigger_117_interact.s
Compiling: src\data\trigger_118_interact.s
Compiling: src\data\trigger_119_interact.s
Compiling: src\data\trigger_12_interact.s
Compiling: src\data\trigger_120_interact.s
Compiling: src\data\trigger_121_interact.s
Compiling: src\data\trigger_122_interact.s
Compiling: src\data\trigger_123_interact.s
Compiling: src\data\trigger_124_interact.s
Compiling: src\data\trigger_125_interact.s
Compiling: src\data\trigger_126_interact.s
Compiling: src\data\trigger_127_interact.s
Compiling: src\data\trigger_128_interact.s
Compiling: src\data\trigger_129_interact.s
Compiling: src\data\trigger_13_interact.s
Compiling: src\data\trigger_130_interact.s
Compiling: src\data\trigger_131_interact.s
Compiling: src\data\trigger_132_interact.s
Compiling: src\data\trigger_133_interact.s
Compiling: src\data\trigger_134_interact.s
Compiling: src\data\trigger_135_interact.s
Compiling: src\data\trigger_136_interact.s
Compiling: src\data\trigger_137_interact.s
Compiling: src\data\trigger_138_interact.s
Compiling: src\data\trigger_139_interact.s
Compiling: src\data\trigger_14_interact.s
Compiling: src\data\trigger_140_interact.s
Compiling: src\data\trigger_141_interact.s
Compiling: src\data\trigger_142_interact.s
Compiling: src\data\trigger_15_interact.s
Compiling: src\data\trigger_16_interact.s
Compiling: src\data\trigger_17_interact.s
Compiling: src\data\trigger_18_interact.s
Compiling: src\data\trigger_19_interact.s
Compiling: src\data\trigger_2_interact.s
Compiling: src\data\trigger_20_interact.s
Compiling: src\data\trigger_21_interact.s
Compiling: src\data\trigger_22_interact.s
Compiling: src\data\trigger_23_interact.s
Compiling: src\data\trigger_24_interact.s
Compiling: src\data\trigger_25_interact.s
Compiling: src\data\trigger_26_interact.s
Compiling: src\data\trigger_27_interact.s
Compiling: src\data\trigger_28_interact.s
Compiling: src\data\trigger_29_interact.s
Compiling: src\data\trigger_30_interact.s
Compiling: src\data\trigger_31_interact.s
Compiling: src\data\trigger_32_interact.s
Compiling: src\data\trigger_33_interact.s
Compiling: src\data\trigger_34_interact.s
Compiling: src\data\trigger_35_interact.s
Compiling: src\data\trigger_36_interact.s
Compiling: src\data\trigger_37_interact.s
Compiling: src\data\trigger_38_interact.s
Compiling: src\data\trigger_39_interact.s
Compiling: src\data\trigger_4_interact.s
Compiling: src\data\trigger_40_interact.s
Compiling: src\data\trigger_41_interact.s
Compiling: src\data\trigger_6_interact.s
Compiling: src\data\trigger_7_interact.s
Compiling: src\data\trigger_70_interact.s
Compiling: src\data\trigger_71_interact.s
Compiling: src\data\trigger_72_interact.s
Compiling: src\data\trigger_73_interact.s
Compiling: src\data\trigger_74_interact.s
Compiling: src\data\trigger_75_interact.s
Compiling: src\data\trigger_76_interact.s
Compiling: src\data\trigger_77_interact.s
Compiling: src\data\trigger_78_interact.s
Compiling: src\data\trigger_79_interact.s
Compiling: src\data\trigger_8_interact.s
Compiling: src\data\trigger_80_interact.s
Compiling: src\data\trigger_81_interact.s
Compiling: src\data\trigger_82_interact.s
Compiling: src\data\trigger_83_interact.s
Compiling: src\data\trigger_84_interact.s
Compiling: src\data\trigger_85_interact.s
Compiling: src\data\trigger_86_interact.s
Compiling: src\data\trigger_87_interact.s
Compiling: src\data\trigger_88_interact.s
Compiling: src\data\trigger_89_interact.s
Compiling: src\data\trigger_9_interact.s
Compiling: src\data\trigger_90_interact.s
Compiling: src\data\trigger_91_interact.s
Compiling: src\data\trigger_92_interact.s
Compiling: src\data\trigger_93_interact.s
Compiling: src\data\trigger_94_interact.s
Compiling: src\data\trigger_95_interact.s
Compiling: src\data\trigger_96_interact.s
Compiling: src\data\trigger_97_interact.s
Compiling: src\data\trigger_99_interact.s
Compiling: src\main.c
Compiling: src\states\adventure.c
Compiling: src\states\logo.c
Compiling: src\states\platform.c
Compiling: src\states\pointnclick.c
Compiling: src\states\shmup.c
Compiling: src\states\states_ptrs.s
Compiling: src\states\topdown.c
Packing Data...
Linking...
-
Success! ROM is ready at [file path hidden]
Build Time: 1832117ms

Warnings:
- Kinda rude turtle.png: Background contains too many unique 8x8px tiles (214 where limit is 192) meaning it may not display correctly. Consider reducing the amount of detail in this image.
- Ricky.png: Background contains too many unique 8x8px tiles (232 where limit is 192) meaning it may not display correctly. Consider reducing the amount of detail in this image.
- StarkSnap.png: Background contains too many unique 8x8px tiles (250 where limit is 192) meaning it may not display correctly. Consider reducing the amount of detail in this image.
- city-overview.png: Background contains too many unique 8x8px tiles (268 where limit is 192) meaning it may not display correctly. Consider reducing the amount of detail in this image.
- falcon-inside.png: Background contains too many unique 8x8px tiles (239 where limit is 192) meaning it may not display correctly. Consider reducing the amount of detail in this image.
- mos espa flash.png: Background contains too many unique 8x8px tiles (229 where limit is 192) meaning it may not display correctly. Consider reducing the amount of detail in this image.
- mt2.png: Background contains too many unique 8x8px tiles (204 where limit is 192) meaning it may not display correctly. Consider reducing the amount of detail in this image.
- newestlogo.png: Background contains too many unique 8x8px tiles (244 where limit is 192) meaning it may not display correctly. Consider reducing the amount of detail in this image.
- thanos snap.png: Background contains too many unique 8x8px tiles (253 where limit is 192) meaning it may not display correctly. Consider reducing the amount of detail in this image.
- westfield (3).png: Background contains too many unique 8x8px tiles (222 where limit is 192) meaning it may not display correctly. Consider reducing the amount of detail in this image.
